#
# There is insufficient memory for the Java Runtime Environment to continue.
# Native memory allocation (malloc) failed to allocate 32744 bytes for ChunkPool::allocate
# Possible reasons:
#   The system is out of physical RAM or swap space
#   In 32 bit mode, the process size limit was hit
# Possible solutions:
#   Reduce memory load on the system
#   Increase physical memory or swap space
#   Check if swap backing store is full
#   Use 64 bit Java on a 64 bit OS
#   Decrease Java heap size (-Xmx/-Xms)
#   Decrease number of Java threads
#   Decrease Java thread stack sizes (-Xss)
#   Set larger code cache with -XX:ReservedCodeCacheSize=
# This output file may be truncated or incomplete.
#
#  Out of Memory Error (allocation.cpp:273), pid=25852, tid=25952
#
# JRE version: Java(TM) SE Runtime Environment (8.0_65-b17) (build 1.8.0_65-b17)
# Java VM: Java HotSpot(TM) 64-Bit Server VM (25.65-b01 mixed mode windows-amd64 compressed oops)
# Failed to write core dump. Minidumps are not enabled by default on client versions of Windows
#

---------------  T H R E A D  ---------------

Current thread (0x00000000199d1000):  JavaThread "C2 CompilerThread2" daemon [_thread_in_native, id=25952, stack(0x000000001a1a0000,0x000000001a2a0000)]

Stack: [0x000000001a1a0000,0x000000001a2a0000]
[error occurred during error reporting (printing stack bounds), id 0xc0000005]

Native frames: (J=compiled Java code, j=interpreted, Vv=VM code, C=native code)


Current CompileTask:
C2:    135  177       4       jdk.internal.org.objectweb.asm.ByteVector::putUTF8 (142 bytes)


---------------  P R O C E S S  ---------------

Java Threads: ( => current thread )
  0x0000000019a67000 JavaThread "Service Thread" daemon [_thread_blocked, id=25960, stack(0x000000001a3a0000,0x000000001a4a0000)]
  0x00000000199d9800 JavaThread "C1 CompilerThread3" daemon [_thread_in_native, id=25956, stack(0x000000001a2a0000,0x000000001a3a0000)]
=>0x00000000199d1000 JavaThread "C2 CompilerThread2" daemon [_thread_in_native, id=25952, stack(0x000000001a1a0000,0x000000001a2a0000)]
  0x00000000199cb000 JavaThread "C2 CompilerThread1" daemon [_thread_blocked, id=25948, stack(0x000000001a0a0000,0x000000001a1a0000)]
  0x00000000199c7800 JavaThread "C2 CompilerThread0" daemon [_thread_blocked, id=25944, stack(0x0000000019fa0000,0x000000001a0a0000)]
  0x00000000199c4000 JavaThread "Attach Listener" daemon [_thread_blocked, id=25940, stack(0x0000000019ea0000,0x0000000019fa0000)]
  0x00000000199c3000 JavaThread "Signal Dispatcher" daemon [_thread_blocked, id=25936, stack(0x0000000019da0000,0x0000000019ea0000)]
  0x00000000028b8800 JavaThread "Finalizer" daemon [_thread_blocked, id=25932, stack(0x00000000197c0000,0x00000000198c0000)]
  0x00000000028b2000 JavaThread "Reference Handler" daemon [_thread_blocked, id=25928, stack(0x00000000196c0000,0x00000000197c0000)]
  0x00000000027c0800 JavaThread "main" [_thread_in_Java, id=25888, stack(0x00000000026c0000,0x00000000027c0000)]

Other Threads:
  0x00000000178f9000 VMThread [stack: 0x00000000195c0000,0x00000000196c0000] [id=25924]
  0x0000000019a93800 WatcherThread [stack: 0x000000001a4a0000,0x000000001a5a0000] [id=25964]

VM state:not at safepoint (normal execution)

VM Mutex/Monitor currently owned by a thread: None

Heap:
 PSYoungGen      total 38400K, used 3328K [0x00000000d5700000, 0x00000000d8180000, 0x0000000100000000)
  eden space 33280K, 10% used [0x00000000d5700000,0x00000000d5a401e8,0x00000000d7780000)
  from space 5120K, 0% used [0x00000000d7c80000,0x00000000d7c80000,0x00000000d8180000)
  to   space 5120K, 0% used [0x00000000d7780000,0x00000000d7780000,0x00000000d7c80000)
 ParOldGen       total 87552K, used 0K [0x0000000080400000, 0x0000000085980000, 0x00000000d5700000)
  object space 87552K, 0% used [0x0000000080400000,0x0000000080400000,0x0000000085980000)
 Metaspace       used 4070K, capacity 4680K, committed 4992K, reserved 1056768K
  class space    used 462K, capacity 517K, committed 640K, reserved 1048576K

Card table byte_map: [0x0000000011c80000,0x0000000012080000] byte_map_base: 0x000000001187e000

Marking Bits: (ParMarkBitMap*) 0x0000000075cfa5b0
 Begin Bits: [0x0000000012b30000, 0x0000000014b20000)
 End Bits:   [0x0000000014b20000, 0x0000000016b10000)

Polling page: 0x0000000000da0000

CodeCache: size=245760Kb used=1320Kb max_used=1320Kb free=244439Kb
 bounds [0x00000000028c0000, 0x0000000002b30000, 0x00000000118c0000]
 total_blobs=438 nmethods=173 adapters=178
 compilation: enabled

Compilation events (10 events):
Event: 0.127 Thread 0x00000000199d9800  155       3       jdk.internal.org.objectweb.asm.Type::getArgumentsAndReturnSizes (151 bytes)
Event: 0.127 Thread 0x00000000199c7800  158       4       java.lang.String::indexOf (70 bytes)
Event: 0.127 Thread 0x00000000199d9800 nmethod 155 0x0000000002a03790 code [0x0000000002a039c0, 0x0000000002a04738]
Event: 0.127 Thread 0x00000000199d9800  156       3       java.lang.invoke.InvokerBytecodeGenerator::isStaticallyNameable (116 bytes)
Event: 0.128 Thread 0x00000000199c7800 nmethod 158 0x0000000002a07e90 code [0x0000000002a07fe0, 0x0000000002a08198]
Event: 0.128 Thread 0x00000000199d9800 nmethod 156 0x0000000002a08290 code [0x0000000002a08600, 0x0000000002a0a6d8]
Event: 0.128 Thread 0x00000000199d9800  167       3       java.lang.invoke.LambdaForm::argument (27 bytes)
Event: 0.129 Thread 0x00000000199d9800 nmethod 167 0x0000000002a07610 code [0x0000000002a077a0, 0x0000000002a07b08]
Event: 0.129 Thread 0x00000000199d9800  161       3       jdk.internal.org.objectweb.asm.Frame::execute (2252 bytes)
Event: 0.132 Thread 0x00000000199d1000  177       4       jdk.internal.org.objectweb.asm.ByteVector::putUTF8 (142 bytes)

GC Heap History (0 events):
No events

Deoptimization events (0 events):
No events

Internal exceptions (9 events):
Event: 0.058 Thread 0x00000000027c0800 Exception <a 'java/lang/NoSuchMethodError': Method sun.misc.Unsafe.defineClass(Ljava/lang/String;[BII)Ljava/lang/Class; name or signature does not match> (0x00000000d570d218) thrown at [C:\workspace\8-2-build-windows-amd64-cygwin\jdk8u65\4987\hotspot\src\s⁄ç}b û≠?
Event: 0.058 Thread 0x00000000027c0800 Exception <a 'java/lang/NoSuchMethodError': Method sun.misc.Unsafe.prefetchRead(Ljava/lang/Object;J)V name or signature does not match> (0x00000000d570d500) thrown at [C:\workspace\8-2-build-windows-amd64-cygwin\jdk8u65\4987\hotspot\src\share\vm\prims\jni.Ï!JÇÏ
π?
Event: 0.098 Thread 0x00000000027c0800 Exception <a 'java/security/PrivilegedActionException'> (0x00000000d5783510) thrown at [C:\workspace\8-2-build-windows-amd64-cygwin\jdk8u65\4987\hotspot\src\share\vm\prims\jvm.cpp, line 1386]
Event: 0.098 Thread 0x00000000027c0800 Exception <a 'java/security/PrivilegedActionException'> (0x00000000d5783720) thrown at [C:\workspace\8-2-build-windows-amd64-cygwin\jdk8u65\4987\hotspot\src\share\vm\prims\jvm.cpp, line 1386]
Event: 0.098 Thread 0x00000000027c0800 Exception <a 'java/security/PrivilegedActionException'> (0x00000000d57872c8) thrown at [C:\workspace\8-2-build-windows-amd64-cygwin\jdk8u65\4987\hotspot\src\share\vm\prims\jvm.cpp, line 1386]
Event: 0.098 Thread 0x00000000027c0800 Exception <a 'java/security/PrivilegedActionException'> (0x00000000d57874d8) thrown at [C:\workspace\8-2-build-windows-amd64-cygwin\jdk8u65\4987\hotspot\src\share\vm\prims\jvm.cpp, line 1386]
Event: 0.104 Thread 0x00000000027c0800 Exception <a 'java/io/FileNotFoundException'> (0x00000000d5796348) thrown at [C:\workspace\8-2-build-windows-amd64-cygwin\jdk8u65\4987\hotspot\src\share\vm\prims\jni.cpp, line 709]
Event: 0.130 Thread 0x00000000027c0800 Exception <a 'java/lang/NoSuchFieldError': method resolution failed> (0x00000000d59b0aa0) thrown at [C:\workspace\8-2-build-windows-amd64-cygwin\jdk8u65\4987\hotspot\src\share\vm\prims\methodHandles.cpp, line 1146]
Event: 0.131 Thread 0x00000000027c0800 Exception <a 'java/lang/NoSuchFieldError': method resolution failed> (0x00000000d59bde70) thrown at [C:\workspace\8-2-build-windows-amd64-cygwin\jdk8u65\4987\hotspot\src\share\vm\prims\methodHandles.cpp, line 1146]

Events (10 events):
Event: 0.130 loading class java/lang/IllegalAccessException
Event: 0.130 loading class java/lang/IllegalAccessException done
Event: 0.133 loading class java/lang/invoke/LambdaFormEditor
Event: 0.133 loading class java/lang/invoke/LambdaFormEditor done
Event: 0.134 loading class java/lang/invoke/LambdaFormEditor$Transform$Kind
Event: 0.134 loading class java/lang/invoke/LambdaFormEditor$Transform$Kind done
Event: 0.134 loading class java/lang/invoke/LambdaFormEditor$Transform
Event: 0.134 loading class java/lang/invoke/LambdaFormEditor$Transform done
Event: 0.134 loading class java/lang/invoke/LambdaFormBuffer
Event: 0.134 loading class java/lang/invoke/LambdaFormBuffer done


Dynamic libraries:
0x00007ff784530000 - 0x00007ff784567000 	C:\Program Files\Java\jre1.8.0_65\bin\javaw.exe
0x00007ffa2e890000 - 0x00007ffa2ea51000 	C:\Windows\SYSTEM32\ntdll.dll
0x00007ffa2e680000 - 0x00007ffa2e72d000 	C:\Windows\system32\KERNEL32.DLL
0x00007ffa2b360000 - 0x00007ffa2b53d000 	C:\Windows\system32\KERNELBASE.dll
0x00007ffa2c310000 - 0x00007ffa2c3b6000 	C:\Windows\system32\ADVAPI32.dll
0x00007ffa2c560000 - 0x00007ffa2c5fd000 	C:\Windows\system32\msvcrt.dll
0x00007ffa2c200000 - 0x00007ffa2c25b000 	C:\Windows\system32\sechost.dll
0x00007ffa2c430000 - 0x00007ffa2c556000 	C:\Windows\system32\RPCRT4.dll
0x00007ffa2e520000 - 0x00007ffa2e66e000 	C:\Windows\system32\USER32.dll
0x00007ffa2cb50000 - 0x00007ffa2ccd6000 	C:\Windows\system32\GDI32.dll
0x00007ffa1fff0000 - 0x00007ffa20264000 	C:\Windows\WinSxS\amd64_microsoft.windows.common-controls_6595b64144ccf1df_6.0.10240.16384_none_f41f7b285750ef43\COMCTL32.dll
0x00007ffa2e2f0000 - 0x00007ffa2e326000 	C:\Windows\system32\IMM32.DLL
0x00007ffa2e330000 - 0x00007ffa2e48c000 	C:\Windows\system32\MSCTF.dll
0x0000000075340000 - 0x0000000075412000 	C:\Program Files\Java\jre1.8.0_65\bin\msvcr100.dll
0x00000000754f0000 - 0x0000000075d79000 	C:\Program Files\Java\jre1.8.0_65\bin\server\jvm.dll
0x00007ffa2e880000 - 0x00007ffa2e888000 	C:\Windows\system32\PSAPI.DLL
0x00007ffa28710000 - 0x00007ffa28733000 	C:\Windows\SYSTEM32\WINMM.dll
0x00007ffa28450000 - 0x00007ffa28459000 	C:\Windows\SYSTEM32\WSOCK32.dll
0x00007ffa28480000 - 0x00007ffa2848a000 	C:\Windows\SYSTEM32\VERSION.dll
0x00007ffa2e4b0000 - 0x00007ffa2e519000 	C:\Windows\system32\WS2_32.dll
0x00007ffa2bf60000 - 0x00007ffa2bf68000 	C:\Windows\system32\NSI.dll
0x00000000024e0000 - 0x000000000250c000 	C:\Windows\SYSTEM32\WINMMBASE.dll
0x00007ffa2b600000 - 0x00007ffa2b644000 	C:\Windows\system32\cfgmgr32.dll
0x00007ffa29c30000 - 0x00007ffa29c57000 	C:\Windows\SYSTEM32\DEVOBJ.dll
0x00000000754e0000 - 0x00000000754ef000 	C:\Program Files\Java\jre1.8.0_65\bin\verify.dll
0x00000000754b0000 - 0x00000000754d9000 	C:\Program Files\Java\jre1.8.0_65\bin\java.dll
0x0000000075490000 - 0x00000000754a6000 	C:\Program Files\Java\jre1.8.0_65\bin\zip.dll
0x00007ffa2cdc0000 - 0x00007ffa2e2e2000 	C:\Windows\system32\SHELL32.dll
0x00007ffa2b880000 - 0x00007ffa2bea8000 	C:\Windows\system32\windows.storage.dll
0x00007ffa2c870000 - 0x00007ffa2caec000 	C:\Windows\system32\combase.dll
0x00007ffa2c1a0000 - 0x00007ffa2c1f1000 	C:\Windows\system32\shlwapi.dll
0x00007ffa2b2e0000 - 0x00007ffa2b2ef000 	C:\Windows\system32\kernel.appcore.dll
0x00007ffa2b540000 - 0x00007ffa2b5f3000 	C:\Windows\system32\shcore.dll
0x00007ffa2b310000 - 0x00007ffa2b35a000 	C:\Windows\system32\powrprof.dll
0x00007ffa2b2f0000 - 0x00007ffa2b303000 	C:\Windows\system32\profapi.dll
0x00000000751a0000 - 0x0000000075338000 	C:\Program Files\Java\jre1.8.0_65\bin\awt.dll
0x00007ffa2c600000 - 0x00007ffa2c6be000 	C:\Windows\system32\OLEAUT32.dll
0x00007ffa29860000 - 0x00007ffa298d8000 	C:\Windows\system32\apphelp.dll

VM Arguments:
jvm_args: -Dfile.encoding=Cp1252 
java_command: Controller.Main
java_class_path (initial): C:\Users\Joakim\Documents\GitHub\Software-Development\04-dt007g-joni510\bin;C:\Users\Joakim\.p2\pool\plugins\org.junit_4.12.0.v201504281640\junit.jar;C:\Users\Joakim\.p2\pool\plugins\org.hamcrest.core_1.3.0.v201303031735.jar
Launcher Type: SUN_STANDARD

Environment Variables:
PATH=C:/Program Files/Java/jre1.8.0_65/bin/server;C:/Program Files/Java/jre1.8.0_65/bin;C:/Program Files/Java/jre1.8.0_65/lib/amd64;C:\ProgramData\Oracle\Java\javapath;C:\Windows\system32;C:\Windows;C:\Windows\System32\Wbem;C:\Windows\System32\WindowsPowerShell\v1.0\;C:\Program Files (x86)\ATI Technologies\ATI.ACE\Core-Static;C:\Program Files (x86)\AMD\ATI.ACE\Core-Static;C:\Windows\system32\config\systemprofile\.dnx\bin;C:\Program Files\Microsoft DNX\Dnvm\;C:\Program Files\Microsoft SQL Server\120\Tools\Binn\;C:\Program Files (x86)\Skype\Phone\;I:\NoodeJs\;C:\Users\Joakim\AppData\Roaming\npm;F:\Eclipse\eclipse;
USERNAME=Joakim
OS=Windows_NT
PROCESSOR_IDENTIFIER=Intel64 Family 6 Model 42 Stepping 7, GenuineIntel



---------------  S Y S T E M  ---------------

OS: Windows 10.0 , 64 bit Build 10240 (10.0.10240.16384)

CPU:total 8 (4 cores per cpu, 2 threads per core) family 6 model 42 stepping 7, cmov, cx8, fxsr, mmx, sse, sse2, sse3, ssse3, sse4.1, sse4.2, popcnt, avx, aes, clmul, ht, tsc, tscinvbit

Memory: 4k page, physical 8364656k(2329940k free), swap 33530480k(3276k free)

vm_info: Java HotSpot(TM) 64-Bit Server VM (25.65-b01) for windows-amd64 JRE (1.8.0_65-b17), built on Oct  6 2015 16:39:20 by "java_re" with MS VC++ 10.0 (VS2010)

time: Mon Nov 09 09:46:43 2015
elapsed time: 0 seconds (0d 0h 0m 0s)

